<?xml version="1.0" encoding="UTF-8"?>
<testsuite xmlns:xsi="http://www.w3.org/2001/XMLSchema-instance" xsi:noNamespaceSchemaLocation="https://maven.apache.org/surefire/maven-surefire-plugin/xsd/surefire-test-report.xsd" version="3.0.1" name="cucumberOptions.TestRunner" time="72.662" tests="1" errors="0" skipped="0" failures="0">
  <properties>
[...]
</properties>
  <testcase name="runScenario[&quot;Validating price by filter&quot;, &quot;Validating price filter functionality&quot;](1)" classname="cucumberOptions.TestRunner" time="71.884">
    <system-out><![CDATA[
@filterByPrice
&amp#27;[1mScenario:&amp#27;[22m Validating price by filter                           &amp#27;[90m# src/test/resources/features/pricefilter.feature:4&amp#27;[39m
ChromeDriver: chrome on windows (5f932aef10bdccff26d3bc0a9de57098)
Home Page: Baby Products Online India: Newborn Baby Products & Kids Online Shopping at FirstCry.com
  &amp#27;[32m✔&amp#27;[39m &amp#27;[32m&amp#27;[1mGiven &amp#27;[22mUser is on the FirstCry home page for price filter&amp#27;[39m   &amp#27;[90m# stepDefinations.PriceFilterSteps.user_is_on_firstcry_home_page_for_price_filter()&amp#27;[39m
  &amp#27;[32m✔&amp#27;[39m &amp#27;[32m&amp#27;[1mAnd &amp#27;[22mUser searches for &amp#27;[1m"Boys t shirt"&amp#27;[22m and waits&amp#27;[39m             &amp#27;[90m# stepDefinations.PriceFilterSteps.user_searches_for_and_waits(java.lang.String)&amp#27;[39m
Search Results: T-shirts for Boys Online - Buy at FirstCry.com
  &amp#27;[32m✔&amp#27;[39m &amp#27;[32m&amp#27;[1mAnd &amp#27;[22mUser clicks the search button&amp#27;[39m                          &amp#27;[90m# stepDefinations.PriceFilterSteps.user_clicks_the_search_button()&amp#27;[39m
Clicked brand: Babyhug
Clicked brand: Babyoye
Clicked brand: US Polo Assn
  &amp#27;[32m✔&amp#27;[39m &amp#27;[32m&amp#27;[1mAnd &amp#27;[22mUser applies 3 brand filters&amp#27;[39m                           &amp#27;[90m# stepDefinations.PriceFilterSteps.user_applies_3_brand_filters()&amp#27;[39m
Clicked price range: 0 to 250
  &amp#27;[32m✔&amp#27;[39m &amp#27;[32m&amp#27;[1mWhen &amp#27;[22mUser selects price range &amp#27;[1m"0 to 250"&amp#27;[22m&amp#27;[39m                   &amp#27;[90m# stepDefinations.PriceFilterSteps.user_selects_price_range(java.lang.String)&amp#27;[39m
Results for [0 to 250]: T-shirts for Boys Online - Buy at FirstCry.com
URL: https://www.firstcry.com/t-shirts/6/26?scat=26@@@@@@@@@@1@0@20@@@@@@@@@@@@@@@&gender=boy,unisex&sort=bestseller&q=ard-boys%20t%20shirt&ref2=q_ard_boys%20t%20shirt&asid=34567#scat=26@@@@@@@@~1004078~621~1000645@~p0@1@0@20@@@@@@@@@@@@@@@&rating=&sort=bestseller&&vi=three&pmonths=&cgen=&cat=6&skills=&measurement=&material=&curatedcollections=&Color=&Age=&gender=both,male&ser=&premium=&deliverytype=&author=&book=&character=&collection=&format=&genre=&booklanguage=&publication=&skill=&PageNo=1&scrollPos=893.5999755859375&pview=&tc=3414
  &amp#27;[32m✔&amp#27;[39m &amp#27;[32m&amp#27;[1mThen &amp#27;[22mPrice filter results are displayed for &amp#27;[1m"0 to 250"&amp#27;[22m&amp#27;[39m     &amp#27;[90m# stepDefinations.PriceFilterSteps.price_filter_results_are_displayed(java.lang.String)&amp#27;[39m
Clicked price range: 250 to 500
  &amp#27;[32m✔&amp#27;[39m &amp#27;[32m&amp#27;[1mAnd &amp#27;[22mUser selects price range &amp#27;[1m"250 to 500"&amp#27;[22m after 3 seconds&amp#27;[39m  &amp#27;[90m# stepDefinations.PriceFilterSteps.user_selects_price_range_after_3_seconds(java.lang.String)&amp#27;[39m
Results for [250 to 500]: T-shirts for Boys Online - Buy at FirstCry.com
URL: https://www.firstcry.com/t-shirts/6/26?scat=26@@@@@@@@@@1@0@20@@@@@@@@@@@@@@@&gender=boy,unisex&sort=bestseller&q=ard-boys%20t%20shirt&ref2=q_ard_boys%20t%20shirt&asid=34567#scat=26@@@@@@@@~1004078~621@~p0~p1@1@0@20@@@@@@@@@@@@@@@&rating=&sort=bestseller&&vi=three&pmonths=&cgen=&cat=6&skills=&measurement=&material=&curatedcollections=&Color=&Age=&gender=both,male&ser=&premium=&deliverytype=&author=&book=&character=&collection=&format=&genre=&booklanguage=&publication=&skill=&PageNo=1&scrollPos=932&pview=&tc=1258
  &amp#27;[32m✔&amp#27;[39m &amp#27;[32m&amp#27;[1mThen &amp#27;[22mPrice filter results are displayed for &amp#27;[1m"250 to 500"&amp#27;[22m&amp#27;[39m   &amp#27;[90m# stepDefinations.PriceFilterSteps.price_filter_results_are_displayed(java.lang.String)&amp#27;[39m
Clicked price range: 500 to 1000
  &amp#27;[32m✔&amp#27;[39m &amp#27;[32m&amp#27;[1mAnd &amp#27;[22mUser selects price range &amp#27;[1m"500 to 1000"&amp#27;[22m after 3 seconds&amp#27;[39m &amp#27;[90m# stepDefinations.PriceFilterSteps.user_selects_price_range_after_3_seconds(java.lang.String)&amp#27;[39m
Results for [500 to 1000]: T-shirts for Boys Online - Buy at FirstCry.com
URL: https://www.firstcry.com/t-shirts/6/26?scat=26@@@@@@@@@@1@0@20@@@@@@@@@@@@@@@&gender=boy,unisex&sort=bestseller&q=ard-boys%20t%20shirt&ref2=q_ard_boys%20t%20shirt&asid=34567#scat=26@@@@@@@@~1004078~621@~p0~p1~p2@1@0@20@@@@@@@@@@@@@@@&rating=&sort=bestseller&&vi=three&pmonths=&cgen=&cat=6&skills=&measurement=&material=&curatedcollections=&Color=&Age=&gender=both,male&ser=&premium=&deliverytype=&author=&book=&character=&collection=&format=&genre=&booklanguage=&publication=&skill=&PageNo=1&scrollPos=955.2000122070312&pview=&tc=2264
  &amp#27;[32m✔&amp#27;[39m &amp#27;[32m&amp#27;[1mThen &amp#27;[22mPrice filter results are displayed for &amp#27;[1m"500 to 1000"&amp#27;[22m&amp#27;[39m  &amp#27;[90m# stepDefinations.PriceFilterSteps.price_filter_results_are_displayed(java.lang.String)&amp#27;[39m
Driver = ChromeDriver: chrome on windows (5f932aef10bdccff26d3bc0a9de57098)
]]></system-out>
    <system-err><![CDATA[SLF4J(W): No SLF4J providers were found.
SLF4J(W): Defaulting to no-operation (NOP) logger implementation
SLF4J(W): See https://www.slf4j.org/codes.html#noProviders for further details.
Jun 22, 2026 10:13:47 PM org.openqa.selenium.devtools.CdpVersionFinder findNearestMatch
WARNING: Unable to find an exact match for CDP version 149, returning the closest version; found: 145; Please update to a Selenium version that supports CDP version 149
]]></system-err>
  </testcase>
</testsuite>