<?xml version="1.0" encoding="UTF-8"?>
<testsuite xmlns:xsi="http://www.w3.org/2001/XMLSchema-instance" xsi:noNamespaceSchemaLocation="https://maven.apache.org/surefire/maven-surefire-plugin/xsd/surefire-test-report.xsd" version="3.0.1" name="cucumberOptions.TestRunner" time="102.618" tests="1" errors="0" skipped="0" failures="0">
  <properties>
[...]
</properties>
  <testcase name="runScenario[&quot;Validating price by filter&quot;, &quot;Validating price filter functionality&quot;](1)" classname="cucumberOptions.TestRunner" time="101.732">
    <system-out><![CDATA[
@filterByPrice
&amp#27;[1mScenario:&amp#27;[22m Validating price by filter                           &amp#27;[90m# src/test/resources/features/pricefilter.feature:4&amp#27;[39m
2026-06-23 22:06:24.170 [main] INFO  hooks.ScenarioHook - Starting scenario: Validating price by filter
2026-06-23 22:06:24.172 [main] INFO  base.Base - Loading data.properties file...
2026-06-23 22:06:24.172 [main] INFO  base.Base - Properties file loaded successfully.
2026-06-23 22:06:24.173 [main] INFO  hooks.ScenarioHook - Configuring browser: chrome
2026-06-23 22:06:25.792 [main] INFO  hooks.ScenarioHook - Chrome driver initialized: ChromeDriver: chrome on windows (5b5047f1b38b770af2739deb29041309)
2026-06-23 22:06:25.826 [main] INFO  hooks.ScenarioHook - Browser window maximized.
2026-06-23 22:06:25.895 [main] INFO  stepDefinations.PriceFilterSteps - Navigating to home page for price filter...
2026-06-23 22:06:25.895 [main] INFO  base.Base - Loading data.properties file...
2026-06-23 22:06:25.895 [main] INFO  base.Base - Properties file loaded successfully.
2026-06-23 22:06:29.889 [main] INFO  stepDefinations.PriceFilterSteps - Home Page: Baby Products Online India: Newborn Baby Products & Kids Online Shopping at FirstCry.com
  &amp#27;[32m✔&amp#27;[39m &amp#27;[32m&amp#27;[1mGiven &amp#27;[22mUser is on the FirstCry home page for price filter&amp#27;[39m   &amp#27;[90m# stepDefinations.PriceFilterSteps.user_is_on_firstcry_home_page_for_price_filter()&amp#27;[39m
2026-06-23 22:06:29.897 [main] INFO  stepDefinations.PriceFilterSteps - Searching for product: Boys t shirt
  &amp#27;[32m✔&amp#27;[39m &amp#27;[32m&amp#27;[1mAnd &amp#27;[22mUser searches for &amp#27;[1m"Boys t shirt"&amp#27;[22m and waits&amp#27;[39m             &amp#27;[90m# stepDefinations.PriceFilterSteps.user_searches_for_and_waits(java.lang.String)&amp#27;[39m
2026-06-23 22:06:32.024 [main] INFO  stepDefinations.PriceFilterSteps - Clicking the search button.
2026-06-23 22:06:38.269 [main] INFO  stepDefinations.PriceFilterSteps - Search Results Page: T-shirts for Boys Online - Buy at FirstCry.com
  &amp#27;[32m✔&amp#27;[39m &amp#27;[32m&amp#27;[1mAnd &amp#27;[22mUser clicks the search button&amp#27;[39m                          &amp#27;[90m# stepDefinations.PriceFilterSteps.user_clicks_the_search_button()&amp#27;[39m
2026-06-23 22:06:38.271 [main] INFO  stepDefinations.PriceFilterSteps - Attempting to apply brand filter: Babyhug
2026-06-23 22:06:38.829 [main] WARN  stepDefinations.PriceFilterSteps - Stale Babyhug (i 1). Retrying...
2026-06-23 22:06:40.539 [main] INFO  stepDefinations.PriceFilterSteps - Successfully clicked brand: Babyhug
2026-06-23 22:06:43.546 [main] INFO  stepDefinations.PriceFilterSteps - Attempting to apply brand filter: Babyoye
2026-06-23 22:06:44.210 [main] INFO  stepDefinations.PriceFilterSteps - Successfully clicked brand: Babyoye
2026-06-23 22:06:47.215 [main] INFO  stepDefinations.PriceFilterSteps - Attempting to apply brand filter: US Polo Assn
2026-06-23 22:06:47.879 [main] INFO  stepDefinations.PriceFilterSteps - Successfully clicked brand: US Polo Assn
  &amp#27;[32m✔&amp#27;[39m &amp#27;[32m&amp#27;[1mAnd &amp#27;[22mUser applies 3 brand filters&amp#27;[39m                           &amp#27;[90m# stepDefinations.PriceFilterSteps.user_applies_3_brand_filters()&amp#27;[39m
2026-06-23 22:06:50.882 [main] INFO  stepDefinations.PriceFilterSteps - Attempting to select price range: 0 to 250
2026-06-23 22:06:51.547 [main] INFO  stepDefinations.PriceFilterSteps - Successfully clicked price range: 0 to 250
  &amp#27;[32m✔&amp#27;[39m &amp#27;[32m&amp#27;[1mWhen &amp#27;[22mUser selects price range &amp#27;[1m"0 to 250"&amp#27;[22m&amp#27;[39m                   &amp#27;[90m# stepDefinations.PriceFilterSteps.user_selects_price_range(java.lang.String)&amp#27;[39m
  &amp#27;[32m✔&amp#27;[39m &amp#27;[32m&amp#27;[1mThen &amp#27;[22mPrice filter results are displayed for &amp#27;[1m"0 to 250"&amp#27;[22m&amp#27;[39m     &amp#27;[90m# stepDefinations.PriceFilterSteps.price_filter_results_are_displayed(java.lang.String)&amp#27;[39m
2026-06-23 22:07:16.627 [main] INFO  stepDefinations.PriceFilterSteps - Attempting to select price range: 250 to 500
2026-06-23 22:07:17.289 [main] INFO  stepDefinations.PriceFilterSteps - Successfully clicked price range: 250 to 500
  &amp#27;[32m✔&amp#27;[39m &amp#27;[32m&amp#27;[1mAnd &amp#27;[22mUser selects price range &amp#27;[1m"250 to 500"&amp#27;[22m after 3 seconds&amp#27;[39m  &amp#27;[90m# stepDefinations.PriceFilterSteps.user_selects_price_range_after_3_seconds(java.lang.String)&amp#27;[39m
  &amp#27;[32m✔&amp#27;[39m &amp#27;[32m&amp#27;[1mThen &amp#27;[22mPrice filter results are displayed for &amp#27;[1m"250 to 500"&amp#27;[22m&amp#27;[39m   &amp#27;[90m# stepDefinations.PriceFilterSteps.price_filter_results_are_displayed(java.lang.String)&amp#27;[39m
2026-06-23 22:07:42.384 [main] INFO  stepDefinations.PriceFilterSteps - Attempting to select price range: 500 to 1000
2026-06-23 22:07:43.041 [main] INFO  stepDefinations.PriceFilterSteps - Successfully clicked price range: 500 to 1000
  &amp#27;[32m✔&amp#27;[39m &amp#27;[32m&amp#27;[1mAnd &amp#27;[22mUser selects price range &amp#27;[1m"500 to 1000"&amp#27;[22m after 3 seconds&amp#27;[39m &amp#27;[90m# stepDefinations.PriceFilterSteps.user_selects_price_range_after_3_seconds(java.lang.String)&amp#27;[39m
  &amp#27;[32m✔&amp#27;[39m &amp#27;[32m&amp#27;[1mThen &amp#27;[22mPrice filter results are displayed for &amp#27;[1m"500 to 1000"&amp#27;[22m&amp#27;[39m  &amp#27;[90m# stepDefinations.PriceFilterSteps.price_filter_results_are_displayed(java.lang.String)&amp#27;[39m
2026-06-23 22:08:05.142 [main] INFO  hooks.ScenarioHook - TearDown: scenario status is PASSED
2026-06-23 22:08:05.143 [main] INFO  hooks.ScenarioHook - Scenario passed, taking screenshot...
2026-06-23 22:08:05.342 [main] INFO  hooks.ScenarioHook - Screenshot attached to Allure.
2026-06-23 22:08:05.342 [main] INFO  hooks.ScenarioHook - Quitting WebDriver...
2026-06-23 22:08:05.511 [main] INFO  hooks.ScenarioHook - WebDriver quit successfully.
]]></system-out>
    <system-err><![CDATA[SLF4J(W): No SLF4J providers were found.
SLF4J(W): Defaulting to no-operation (NOP) logger implementation
SLF4J(W): See https://www.slf4j.org/codes.html#noProviders for further details.
Jun 23, 2026 10:06:25 PM org.openqa.selenium.devtools.CdpVersionFinder findNearestMatch
WARNING: Unable to find an exact match for CDP version 149, returning the closest version; found: 145; Please update to a Selenium version that supports CDP version 149
]]></system-err>
  </testcase>
</testsuite>