<?xml version="1.0" encoding="UTF-8"?>
<testng-results ignored="0" total="3" passed="3" failed="0" skipped="0">
  <reporter-output>
  </reporter-output>
  <suite started-at="2026-06-22T19:59:00 IST" name="Default suite" finished-at="2026-06-22T20:01:05 IST" duration-ms="125287">
    <groups>
      <group name="cucumber">
        <method signature="AbstractTestNGCucumberTests.runScenario(io.cucumber.testng.PickleWrapper,io.cucumber.testng.FeatureWrapper)[pri:0, instance:cucumberOptions.TestRunner@776b83cc]" name="runScenario" class="io.cucumber.testng.AbstractTestNGCucumberTests"/>
      </group> <!-- cucumber -->
    </groups>
    <test started-at="2026-06-22T19:59:00 IST" name="Default test" finished-at="2026-06-22T20:01:05 IST" duration-ms="125287">
      <class name="cucumberOptions.TestRunner">
        <test-method is-config="true" signature="setUpClass(org.testng.ITestContext)[pri:0, instance:cucumberOptions.TestRunner@776b83cc]" started-at="2026-06-22T19:59:00 IST" name="setUpClass" finished-at="2026-06-22T19:59:00 IST" duration-ms="460" status="PASS">
          <params>
            <param index="0">
              <value>
                <![CDATA[org.testng.TestRunner@76f881d9]]>
              </value>
            </param>
          </params>
          <reporter-output>
          </reporter-output>
        </test-method> <!-- setUpClass -->
        <test-method signature="runScenario(io.cucumber.testng.PickleWrapper,io.cucumber.testng.FeatureWrapper)[pri:0, instance:cucumberOptions.TestRunner@776b83cc]" started-at="2026-06-22T19:59:00 IST" name="runScenario" description="Runs Cucumber Scenarios" data-provider="scenarios" finished-at="2026-06-22T19:59:37 IST" duration-ms="36738" status="PASS">
          <params>
            <param index="0">
              <value>
                <![CDATA["Validating price by filter"]]>
              </value>
            </param>
            <param index="1">
              <value>
                <![CDATA["Validating price filter functionality"]]>
              </value>
            </param>
          </params>
          <reporter-output>
          </reporter-output>
        </test-method> <!-- runScenario -->
        <test-method signature="runScenario(io.cucumber.testng.PickleWrapper,io.cucumber.testng.FeatureWrapper)[pri:0, instance:cucumberOptions.TestRunner@776b83cc]" started-at="2026-06-22T19:59:37 IST" name="runScenario" description="Runs Cucumber Scenarios" data-provider="scenarios" finished-at="2026-06-22T20:00:17 IST" duration-ms="40503" status="PASS">
          <params>
            <param index="0">
              <value>
                <![CDATA["Validating price by filter"]]>
              </value>
            </param>
            <param index="1">
              <value>
                <![CDATA["Validating price filter functionality"]]>
              </value>
            </param>
          </params>
          <reporter-output>
          </reporter-output>
        </test-method> <!-- runScenario -->
        <test-method signature="runScenario(io.cucumber.testng.PickleWrapper,io.cucumber.testng.FeatureWrapper)[pri:0, instance:cucumberOptions.TestRunner@776b83cc]" started-at="2026-06-22T20:00:17 IST" name="runScenario" description="Runs Cucumber Scenarios" data-provider="scenarios" finished-at="2026-06-22T20:01:05 IST" duration-ms="47364" status="PASS">
          <params>
            <param index="0">
              <value>
                <![CDATA["Validating price by filter"]]>
              </value>
            </param>
            <param index="1">
              <value>
                <![CDATA["Validating price filter functionality"]]>
              </value>
            </param>
          </params>
          <reporter-output>
          </reporter-output>
        </test-method> <!-- runScenario -->
        <test-method is-config="true" signature="tearDownClass()[pri:0, instance:cucumberOptions.TestRunner@776b83cc]" started-at="2026-06-22T20:01:05 IST" name="tearDownClass" finished-at="2026-06-22T20:01:05 IST" duration-ms="181" status="PASS">
          <reporter-output>
          </reporter-output>
        </test-method> <!-- tearDownClass -->
      </class> <!-- cucumberOptions.TestRunner -->
    </test> <!-- Default test -->
  </suite> <!-- Default suite -->
</testng-results>
