<?xml version="1.0" encoding="UTF-8"?>
<!-- Generated by org.testng.reporters.JUnitReportReporter -->
<testsuite hostname="LAPTOP-8Q06F4JP" failures="0" tests="3" name="cucumberOptions.TestRunner" time="124.605" errors="0" timestamp="2026-06-22T20:01:05 IST" skipped="0">
  <testcase classname="cucumberOptions.TestRunner" name="runScenario" time="47.364"/>
  <testcase classname="cucumberOptions.TestRunner" name="runScenario" time="36.738"/>
  <testcase classname="cucumberOptions.TestRunner" name="runScenario" time="40.503"/>
</testsuite> <!-- cucumberOptions.TestRunner -->
